[2020-07-23 07:19:40] local.ERROR: Address in mailbox given [] does not comply with RFC 2822, 3.6.2. {"userId":14,"exception":"[object] (Swift_RfcComplianceException(code: 0): Address in mailbox given [] does not comply with RFC 2822, 3.6.2. at /home/368495.cloudwaysapps.com/urvfepvzma/public_html/vendor/swiftmailer/swiftmailer/lib/classes/Swift/Mime/Headers/MailboxHeader.php:355)
[stacktrace]
#0 /home/368495.cloudwaysapps.com/urvfepvzma/public_html/vendor/swiftmailer/swiftmailer/lib/classes/Swift/Mime/Headers/MailboxHeader.php(272): Swift_Mime_Headers_MailboxHeader->assertValidAddress()
#1 /home/368495.cloudwaysapps.com/urvfepvzma/public_html/vendor/swiftmailer/swiftmailer/lib/classes/Swift/Mime/Headers/MailboxHeader.php(117): Swift_Mime_Headers_MailboxHeader->normalizeMailboxes()
#2 /home/368495.cloudwaysapps.com/urvfepvzma/public_html/vendor/swiftmailer/swiftmailer/lib/classes/Swift/Mime/Headers/MailboxHeader.php(74): Swift_Mime_Headers_MailboxHeader->setNameAddresses()
#3 /home/368495.cloudwaysapps.com/urvfepvzma/public_html/vendor/swiftmailer/swiftmailer/lib/classes/Swift/Mime/SimpleHeaderFactory.php(61): Swift_Mime_Headers_MailboxHeader->setFieldBodyModel()
#4 /home/368495.cloudwaysapps.com/urvfepvzma/public_html/vendor/swiftmailer/swiftmailer/lib/classes/Swift/Mime/SimpleHeaderSet.php(71): Swift_Mime_SimpleHeaderFactory->createMailboxHeader()
#5 /home/368495.cloudwaysapps.com/urvfepvzma/public_html/vendor/swiftmailer/swiftmailer/lib/classes/Swift/Mime/SimpleMessage.php(323): Swift_Mime_SimpleHeaderSet->addMailboxHeader()
#6 /home/368495.cloudwaysapps.com/urvfepvzma/public_html/vendor/swiftmailer/swiftmailer/lib/classes/Swift/Mime/SimpleMessage.php(299): Swift_Mime_SimpleMessage->setTo()
#7 /home/368495.cloudwaysapps.com/urvfepvzma/public_html/vendor/laravel/framework/src/Illuminate/Mail/Message.php(164): Swift_Mime_SimpleMessage->addTo()
#8 /home/368495.cloudwaysapps.com/urvfepvzma/public_html/vendor/laravel/framework/src/Illuminate/Mail/Message.php(98): Illuminate\\Mail\\Message->addAddresses()
#9 /home/368495.cloudwaysapps.com/urvfepvzma/public_html/vendor/laravel/framework/src/Illuminate/Mail/Mailable.php(334): Illuminate\\Mail\\Message->to()
#10 /home/368495.cloudwaysapps.com/urvfepvzma/public_html/vendor/laravel/framework/src/Illuminate/Mail/Mailable.php(155): Illuminate\\Mail\\Mailable->buildRecipients()
#11 [internal function]: Illuminate\\Mail\\Mailable->Illuminate\\Mail\\{closure}()
#12 /home/368495.cloudwaysapps.com/urvfepvzma/public_html/vendor/laravel/framework/src/Illuminate/Mail/Mailer.php(242): call_user_func()
#13 /home/368495.cloudwaysapps.com/urvfepvzma/public_html/vendor/laravel/framework/src/Illuminate/Mail/Mailable.php(159): Illuminate\\Mail\\Mailer->send()
#14 /home/368495.cloudwaysapps.com/urvfepvzma/public_html/vendor/laravel/framework/src/Illuminate/Support/Traits/Localizable.php(19): Illuminate\\Mail\\Mailable->Illuminate\\Mail\\{closure}()
#15 /home/368495.cloudwaysapps.com/urvfepvzma/public_html/vendor/laravel/framework/src/Illuminate/Mail/Mailable.php(160): Illuminate\\Mail\\Mailable->withLocale()
#16 /home/368495.cloudwaysapps.com/urvfepvzma/public_html/vendor/laravel/framework/src/Illuminate/Mail/Mailer.php(275): Illuminate\\Mail\\Mailable->send()
#17 /home/368495.cloudwaysapps.com/urvfepvzma/public_html/vendor/laravel/framework/src/Illuminate/Mail/Mailer.php(229): Illuminate\\Mail\\Mailer->sendMailable()
#18 /home/368495.cloudwaysapps.com/urvfepvzma/public_html/vendor/laravel/framework/src/Illuminate/Mail/PendingMail.php(127): Illuminate\\Mail\\Mailer->send()
#19 /home/368495.cloudwaysapps.com/urvfepvzma/public_html/app/Http/Controllers/HomeController.php(665): Illuminate\\Mail\\PendingMail->send()
#20 [internal function]: App\\Http\\Controllers\\HomeController->send_contact_mail()
#21 /home/368495.cloudwaysapps.com/urvfepvzma/public_html/vendor/laravel/framework/src/Illuminate/Routing/Controller.php(54): call_user_func_array()
#22 /home/368495.cloudwaysapps.com/urvfepvzma/public_html/vendor/laravel/framework/src/Illuminate/Routing/ControllerDispatcher.php(45): Illuminate\\Routing\\Controller->callAction()
#23 /home/368495.cloudwaysapps.com/urvfepvzma/public_html/vendor/laravel/framework/src/Illuminate/Routing/Route.php(219): Illuminate\\Routing\\ControllerDispatcher->dispatch()
#24 /home/368495.cloudwaysapps.com/urvfepvzma/public_html/vendor/laravel/framework/src/Illuminate/Routing/Route.php(176): Illuminate\\Routing\\Route->runController()
#25 /home/368495.cloudwaysapps.com/urvfepvzma/public_html/vendor/laravel/framework/src/Illuminate/Routing/Router.php(680): Illuminate\\Routing\\Route->run()
#26 /home/368495.cloudwaysapps.com/urvfepvzma/public_html/vendor/laravel/framework/src/Illuminate/Routing/Pipeline.php(30): Illuminate\\Routing\\Router->Illuminate\\Routing\\{closure}()
#27 /home/368495.cloudwaysapps.com/urvfepvzma/public_html/app/Http/Middleware/Language.php(34): Illuminate\\Routing\\Pipeline->Illuminate\\Routing\\{closure}()
#28 /home/368495.cloudwaysapps.com/urvfepvzma/public_html/vendor/laravel/framework/src/Illuminate/Pipeline/Pipeline.php(163): App\\Http\\Middleware\\Language->handle()
#29 /home/368495.cloudwaysapps.com/urvfepvzma/public_html/vendor/laravel/framework/src/Illuminate/Routing/Pipeline.php(53): Illuminate\\Pipeline\\Pipeline->Illuminate\\Pipeline\\{closure}()
#30 /home/368495.cloudwaysapps.com/urvfepvzma/public_html/vendor/laravel/framework/src/Illuminate/Routing/Middleware/SubstituteBindings.php(41): Illuminate\\Routing\\Pipeline->Illuminate\\Routing\\{closure}()
#31 /home/368495.cloudwaysapps.com/urvfepvzma/public_html/vendor/laravel/framework/src/Illuminate/Pipeline/Pipeline.php(163): Illuminate\\Routing\\Middleware\\SubstituteBindings->handle()
#32 /home/368495.cloudwaysapps.com/urvfepvzma/public_html/vendor/laravel/framework/src/Illuminate/Routing/Pipeline.php(53): Illuminate\\Pipeline\\Pipeline->Illuminate\\Pipeline\\{closure}()
#33 /home/368495.cloudwaysapps.com/urvfepvzma/public_html/vendor/laravel/framework/src/Illuminate/Foundation/Http/Middleware/VerifyCsrfToken.php(75): Illuminate\\Routing\\Pipeline->Illuminate\\Routing\\{closure}()
#34 /home/368495.cloudwaysapps.com/urvfepvzma/public_html/vendor/laravel/framework/src/Illuminate/Pipeline/Pipeline.php(163): Illuminate\\Foundation\\Http\\Middleware\\VerifyCsrfToken->handle()
#35 /home/368495.cloudwaysapps.com/urvfepvzma/public_html/vendor/laravel/framework/src/Illuminate/Routing/Pipeline.php(53): Illuminate\\Pipeline\\Pipeline->Illuminate\\Pipeline\\{closure}()
#36 /home/368495.cloudwaysapps.com/urvfepvzma/public_html/vendor/laravel/framework/src/Illuminate/View/Middleware/ShareErrorsFromSession.php(49): Illuminate\\Routing\\Pipeline->Illuminate\\Routing\\{closure}()
#37 /home/368495.cloudwaysapps.com/urvfepvzma/public_html/vendor/laravel/framework/src/Illuminate/Pipeline/Pipeline.php(163): Illuminate\\View\\Middleware\\ShareErrorsFromSession->handle()
#38 /home/368495.cloudwaysapps.com/urvfepvzma/public_html/vendor/laravel/framework/src/Illuminate/Routing/Pipeline.php(53): Illuminate\\Pipeline\\Pipeline->Illuminate\\Pipeline\\{closure}()
#39 /home/368495.cloudwaysapps.com/urvfepvzma/public_html/vendor/laravel/framework/src/Illuminate/Session/Middleware/StartSession.php(56): Illuminate\\Routing\\Pipeline->Illuminate\\Routing\\{closure}()
#40 /home/368495.cloudwaysapps.com/urvfepvzma/public_html/vendor/laravel/framework/src/Illuminate/Pipeline/Pipeline.php(163): Illuminate\\Session\\Middleware\\StartSession->handle()
#41 /home/368495.cloudwaysapps.com/urvfepvzma/public_html/vendor/laravel/framework/src/Illuminate/Routing/Pipeline.php(53): Illuminate\\Pipeline\\Pipeline->Illuminate\\Pipeline\\{closure}()
#42 /home/368495.cloudwaysapps.com/urvfepvzma/public_html/vendor/laravel/framework/src/Illuminate/Cookie/Middleware/AddQueuedCookiesToResponse.php(37): Illuminate\\Routing\\Pipeline->Illuminate\\Routing\\{closure}()
#43 /home/368495.cloudwaysapps.com/urvfepvzma/public_html/vendor/laravel/framework/src/Illuminate/Pipeline/Pipeline.php(163): Illuminate\\Cookie\\Middleware\\AddQueuedCookiesToResponse->handle()
#44 /home/368495.cloudwaysapps.com/urvfepvzma/public_html/vendor/laravel/framework/src/Illuminate/Routing/Pipeline.php(53): Illuminate\\Pipeline\\Pipeline->Illuminate\\Pipeline\\{closure}()
#45 /home/368495.cloudwaysapps.com/urvfepvzma/public_html/vendor/laravel/framework/src/Illuminate/Pipeline/Pipeline.php(104): Illuminate\\Routing\\Pipeline->Illuminate\\Routing\\{closure}()
#46 /home/368495.cloudwaysapps.com/urvfepvzma/public_html/vendor/laravel/framework/src/Illuminate/Routing/Router.php(682): Illuminate\\Pipeline\\Pipeline->then()
#47 /home/368495.cloudwaysapps.com/urvfepvzma/public_html/vendor/laravel/framework/src/Illuminate/Routing/Router.php(657): Illuminate\\Routing\\Router->runRouteWithinStack()
#48 /home/368495.cloudwaysapps.com/urvfepvzma/public_html/vendor/laravel/framework/src/Illuminate/Routing/Router.php(623): Illuminate\\Routing\\Router->runRoute()
#49 /home/368495.cloudwaysapps.com/urvfepvzma/public_html/vendor/laravel/framework/src/Illuminate/Routing/Router.php(612): Illuminate\\Routing\\Router->dispatchToRoute()
#50 /home/368495.cloudwaysapps.com/urvfepvzma/public_html/vendor/laravel/framework/src/Illuminate/Foundation/Http/Kernel.php(176): Illuminate\\Routing\\Router->dispatch()
#51 /home/368495.cloudwaysapps.com/urvfepvzma/public_html/vendor/laravel/framework/src/Illuminate/Routing/Pipeline.php(30): Illuminate\\Foundation\\Http\\Kernel->Illuminate\\Foundation\\Http\\{closure}()
#52 /home/368495.cloudwaysapps.com/urvfepvzma/public_html/vendor/fideloper/proxy/src/TrustProxies.php(57): Illuminate\\Routing\\Pipeline->Illuminate\\Routing\\{closure}()
#53 /home/368495.cloudwaysapps.com/urvfepvzma/public_html/vendor/laravel/framework/src/Illuminate/Pipeline/Pipeline.php(163): Fideloper\\Proxy\\TrustProxies->handle()
#54 /home/368495.cloudwaysapps.com/urvfepvzma/public_html/vendor/laravel/framework/src/Illuminate/Routing/Pipeline.php(53): Illuminate\\Pipeline\\Pipeline->Illuminate\\Pipeline\\{closure}()
#55 /home/368495.cloudwaysapps.com/urvfepvzma/public_html/vendor/laravel/framework/src/Illuminate/Foundation/Http/Middleware/TransformsRequest.php(21): Illuminate\\Routing\\Pipeline->Illuminate\\Routing\\{closure}()
#56 /home/368495.cloudwaysapps.com/urvfepvzma/public_html/vendor/laravel/framework/src/Illuminate/Pipeline/Pipeline.php(163): Illuminate\\Foundation\\Http\\Middleware\\TransformsRequest->handle()
#57 /home/368495.cloudwaysapps.com/urvfepvzma/public_html/vendor/laravel/framework/src/Illuminate/Routing/Pipeline.php(53): Illuminate\\Pipeline\\Pipeline->Illuminate\\Pipeline\\{closure}()
#58 /home/368495.cloudwaysapps.com/urvfepvzma/public_html/vendor/laravel/framework/src/Illuminate/Foundation/Http/Middleware/TransformsRequest.php(21): Illuminate\\Routing\\Pipeline->Illuminate\\Routing\\{closure}()
#59 /home/368495.cloudwaysapps.com/urvfepvzma/public_html/vendor/laravel/framework/src/Illuminate/Pipeline/Pipeline.php(163): Illuminate\\Foundation\\Http\\Middleware\\TransformsRequest->handle()
#60 /home/368495.cloudwaysapps.com/urvfepvzma/public_html/vendor/laravel/framework/src/Illuminate/Routing/Pipeline.php(53): Illuminate\\Pipeline\\Pipeline->Illuminate\\Pipeline\\{closure}()
#61 /home/368495.cloudwaysapps.com/urvfepvzma/public_html/vendor/laravel/framework/src/Illuminate/Foundation/Http/Middleware/ValidatePostSize.php(27): Illuminate\\Routing\\Pipeline->Illuminate\\Routing\\{closure}()
#62 /home/368495.cloudwaysapps.com/urvfepvzma/public_html/vendor/laravel/framework/src/Illuminate/Pipeline/Pipeline.php(163): Illuminate\\Foundation\\Http\\Middleware\\ValidatePostSize->handle()
#63 /home/368495.cloudwaysapps.com/urvfepvzma/public_html/vendor/laravel/framework/src/Illuminate/Routing/Pipeline.php(53): Illuminate\\Pipeline\\Pipeline->Illuminate\\Pipeline\\{closure}()
#64 /home/368495.cloudwaysapps.com/urvfepvzma/public_html/vendor/laravel/framework/src/Illuminate/Foundation/Http/Middleware/CheckForMaintenanceMode.php(62): Illuminate\\Routing\\Pipeline->Illuminate\\Routing\\{closure}()
#65 /home/368495.cloudwaysapps.com/urvfepvzma/public_html/vendor/laravel/framework/src/Illuminate/Pipeline/Pipeline.php(163): Illuminate\\Foundation\\Http\\Middleware\\CheckForMaintenanceMode->handle()
#66 /home/368495.cloudwaysapps.com/urvfepvzma/public_html/vendor/laravel/framework/src/Illuminate/Routing/Pipeline.php(53): Illuminate\\Pipeline\\Pipeline->Illuminate\\Pipeline\\{closure}()
#67 /home/368495.cloudwaysapps.com/urvfepvzma/public_html/vendor/laravel/framework/src/Illuminate/Pipeline/Pipeline.php(104): Illuminate\\Routing\\Pipeline->Illuminate\\Routing\\{closure}()
#68 /home/368495.cloudwaysapps.com/urvfepvzma/public_html/vendor/laravel/framework/src/Illuminate/Foundation/Http/Kernel.php(151): Illuminate\\Pipeline\\Pipeline->then()
#69 /home/368495.cloudwaysapps.com/urvfepvzma/public_html/vendor/laravel/framework/src/Illuminate/Foundation/Http/Kernel.php(116): Illuminate\\Foundation\\Http\\Kernel->sendRequestThroughRouter()
#70 /home/368495.cloudwaysapps.com/urvfepvzma/public_html/index.php(55): Illuminate\\Foundation\\Http\\Kernel->handle()
#71 {main}
"} 
[2020-07-23 09:23:59] local.ERROR: syntax error, unexpected ')' {"exception":"[object] (Symfony\\Component\\Debug\\Exception\\FatalThrowableError(code: 0): syntax error, unexpected ')' at /home/368495.cloudwaysapps.com/urvfepvzma/public_html/app/Http/Controllers/CheckoutController.php:108)
[stacktrace]
#0 /home/368495.cloudwaysapps.com/urvfepvzma/public_html/vendor/composer/ClassLoader.php(322): Composer\\Autoload\\includeFile()
#1 [internal function]: Composer\\Autoload\\ClassLoader->loadClass()
#2 [internal function]: spl_autoload_call()
#3 /home/368495.cloudwaysapps.com/urvfepvzma/public_html/vendor/laravel/framework/src/Illuminate/Container/Container.php(788): ReflectionClass->__construct()
#4 /home/368495.cloudwaysapps.com/urvfepvzma/public_html/vendor/laravel/framework/src/Illuminate/Container/Container.php(667): Illuminate\\Container\\Container->build()
#5 /home/368495.cloudwaysapps.com/urvfepvzma/public_html/vendor/laravel/framework/src/Illuminate/Container/Container.php(615): Illuminate\\Container\\Container->resolve()
#6 /home/368495.cloudwaysapps.com/urvfepvzma/public_html/vendor/laravel/framework/src/Illuminate/Foundation/Application.php(767): Illuminate\\Container\\Container->make()
#7 /home/368495.cloudwaysapps.com/urvfepvzma/public_html/vendor/laravel/framework/src/Illuminate/Routing/Route.php(233): Illuminate\\Foundation\\Application->make()
#8 /home/368495.cloudwaysapps.com/urvfepvzma/public_html/vendor/laravel/framework/src/Illuminate/Routing/Route.php(833): Illuminate\\Routing\\Route->getController()
#9 /home/368495.cloudwaysapps.com/urvfepvzma/public_html/vendor/laravel/framework/src/Illuminate/Routing/Route.php(794): Illuminate\\Routing\\Route->controllerMiddleware()
#10 /home/368495.cloudwaysapps.com/urvfepvzma/public_html/vendor/laravel/framework/src/Illuminate/Routing/Router.php(693): Illuminate\\Routing\\Route->gatherMiddleware()
#11 /home/368495.cloudwaysapps.com/urvfepvzma/public_html/vendor/laravel/framework/src/Illuminate/Routing/Router.php(673): Illuminate\\Routing\\Router->gatherRouteMiddleware()
#12 /home/368495.cloudwaysapps.com/urvfepvzma/public_html/vendor/laravel/framework/src/Illuminate/Routing/Router.php(657): Illuminate\\Routing\\Router->runRouteWithinStack()
#13 /home/368495.cloudwaysapps.com/urvfepvzma/public_html/vendor/laravel/framework/src/Illuminate/Routing/Router.php(623): Illuminate\\Routing\\Router->runRoute()
#14 /home/368495.cloudwaysapps.com/urvfepvzma/public_html/vendor/laravel/framework/src/Illuminate/Routing/Router.php(612): Illuminate\\Routing\\Router->dispatchToRoute()
#15 /home/368495.cloudwaysapps.com/urvfepvzma/public_html/vendor/laravel/framework/src/Illuminate/Foundation/Http/Kernel.php(176): Illuminate\\Routing\\Router->dispatch()
#16 /home/368495.cloudwaysapps.com/urvfepvzma/public_html/vendor/laravel/framework/src/Illuminate/Routing/Pipeline.php(30): Illuminate\\Foundation\\Http\\Kernel->Illuminate\\Foundation\\Http\\{closure}()
#17 /home/368495.cloudwaysapps.com/urvfepvzma/public_html/vendor/fideloper/proxy/src/TrustProxies.php(57): Illuminate\\Routing\\Pipeline->Illuminate\\Routing\\{closure}()
#18 /home/368495.cloudwaysapps.com/urvfepvzma/public_html/vendor/laravel/framework/src/Illuminate/Pipeline/Pipeline.php(163): Fideloper\\Proxy\\TrustProxies->handle()
#19 /home/368495.cloudwaysapps.com/urvfepvzma/public_html/vendor/laravel/framework/src/Illuminate/Routing/Pipeline.php(53): Illuminate\\Pipeline\\Pipeline->Illuminate\\Pipeline\\{closure}()
#20 /home/368495.cloudwaysapps.com/urvfepvzma/public_html/vendor/laravel/framework/src/Illuminate/Foundation/Http/Middleware/TransformsRequest.php(21): Illuminate\\Routing\\Pipeline->Illuminate\\Routing\\{closure}()
#21 /home/368495.cloudwaysapps.com/urvfepvzma/public_html/vendor/laravel/framework/src/Illuminate/Pipeline/Pipeline.php(163): Illuminate\\Foundation\\Http\\Middleware\\TransformsRequest->handle()
#22 /home/368495.cloudwaysapps.com/urvfepvzma/public_html/vendor/laravel/framework/src/Illuminate/Routing/Pipeline.php(53): Illuminate\\Pipeline\\Pipeline->Illuminate\\Pipeline\\{closure}()
#23 /home/368495.cloudwaysapps.com/urvfepvzma/public_html/vendor/laravel/framework/src/Illuminate/Foundation/Http/Middleware/TransformsRequest.php(21): Illuminate\\Routing\\Pipeline->Illuminate\\Routing\\{closure}()
#24 /home/368495.cloudwaysapps.com/urvfepvzma/public_html/vendor/laravel/framework/src/Illuminate/Pipeline/Pipeline.php(163): Illuminate\\Foundation\\Http\\Middleware\\TransformsRequest->handle()
#25 /home/368495.cloudwaysapps.com/urvfepvzma/public_html/vendor/laravel/framework/src/Illuminate/Routing/Pipeline.php(53): Illuminate\\Pipeline\\Pipeline->Illuminate\\Pipeline\\{closure}()
#26 /home/368495.cloudwaysapps.com/urvfepvzma/public_html/vendor/laravel/framework/src/Illuminate/Foundation/Http/Middleware/ValidatePostSize.php(27): Illuminate\\Routing\\Pipeline->Illuminate\\Routing\\{closure}()
#27 /home/368495.cloudwaysapps.com/urvfepvzma/public_html/vendor/laravel/framework/src/Illuminate/Pipeline/Pipeline.php(163): Illuminate\\Foundation\\Http\\Middleware\\ValidatePostSize->handle()
#28 /home/368495.cloudwaysapps.com/urvfepvzma/public_html/vendor/laravel/framework/src/Illuminate/Routing/Pipeline.php(53): Illuminate\\Pipeline\\Pipeline->Illuminate\\Pipeline\\{closure}()
#29 /home/368495.cloudwaysapps.com/urvfepvzma/public_html/vendor/laravel/framework/src/Illuminate/Foundation/Http/Middleware/CheckForMaintenanceMode.php(62): Illuminate\\Routing\\Pipeline->Illuminate\\Routing\\{closure}()
#30 /home/368495.cloudwaysapps.com/urvfepvzma/public_html/vendor/laravel/framework/src/Illuminate/Pipeline/Pipeline.php(163): Illuminate\\Foundation\\Http\\Middleware\\CheckForMaintenanceMode->handle()
#31 /home/368495.cloudwaysapps.com/urvfepvzma/public_html/vendor/laravel/framework/src/Illuminate/Routing/Pipeline.php(53): Illuminate\\Pipeline\\Pipeline->Illuminate\\Pipeline\\{closure}()
#32 /home/368495.cloudwaysapps.com/urvfepvzma/public_html/vendor/laravel/framework/src/Illuminate/Pipeline/Pipeline.php(104): Illuminate\\Routing\\Pipeline->Illuminate\\Routing\\{closure}()
#33 /home/368495.cloudwaysapps.com/urvfepvzma/public_html/vendor/laravel/framework/src/Illuminate/Foundation/Http/Kernel.php(151): Illuminate\\Pipeline\\Pipeline->then()
#34 /home/368495.cloudwaysapps.com/urvfepvzma/public_html/vendor/laravel/framework/src/Illuminate/Foundation/Http/Kernel.php(116): Illuminate\\Foundation\\Http\\Kernel->sendRequestThroughRouter()
#35 /home/368495.cloudwaysapps.com/urvfepvzma/public_html/index.php(55): Illuminate\\Foundation\\Http\\Kernel->handle()
#36 {main}
"} 
[2020-07-23 09:25:41] local.ERROR: syntax error, unexpected ')' {"exception":"[object] (Symfony\\Component\\Debug\\Exception\\FatalThrowableError(code: 0): syntax error, unexpected ')' at /home/368495.cloudwaysapps.com/urvfepvzma/public_html/app/Http/Controllers/CheckoutController.php:108)
[stacktrace]
#0 /home/368495.cloudwaysapps.com/urvfepvzma/public_html/vendor/composer/ClassLoader.php(322): Composer\\Autoload\\includeFile()
#1 [internal function]: Composer\\Autoload\\ClassLoader->loadClass()
#2 [internal function]: spl_autoload_call()
#3 /home/368495.cloudwaysapps.com/urvfepvzma/public_html/vendor/laravel/framework/src/Illuminate/Container/Container.php(788): ReflectionClass->__construct()
#4 /home/368495.cloudwaysapps.com/urvfepvzma/public_html/vendor/laravel/framework/src/Illuminate/Container/Container.php(667): Illuminate\\Container\\Container->build()
#5 /home/368495.cloudwaysapps.com/urvfepvzma/public_html/vendor/laravel/framework/src/Illuminate/Container/Container.php(615): Illuminate\\Container\\Container->resolve()
#6 /home/368495.cloudwaysapps.com/urvfepvzma/public_html/vendor/laravel/framework/src/Illuminate/Foundation/Application.php(767): Illuminate\\Container\\Container->make()
#7 /home/368495.cloudwaysapps.com/urvfepvzma/public_html/vendor/laravel/framework/src/Illuminate/Routing/Route.php(233): Illuminate\\Foundation\\Application->make()
#8 /home/368495.cloudwaysapps.com/urvfepvzma/public_html/vendor/laravel/framework/src/Illuminate/Routing/Route.php(833): Illuminate\\Routing\\Route->getController()
#9 /home/368495.cloudwaysapps.com/urvfepvzma/public_html/vendor/laravel/framework/src/Illuminate/Routing/Route.php(794): Illuminate\\Routing\\Route->controllerMiddleware()
#10 /home/368495.cloudwaysapps.com/urvfepvzma/public_html/vendor/laravel/framework/src/Illuminate/Routing/Router.php(693): Illuminate\\Routing\\Route->gatherMiddleware()
#11 /home/368495.cloudwaysapps.com/urvfepvzma/public_html/vendor/laravel/framework/src/Illuminate/Routing/Router.php(673): Illuminate\\Routing\\Router->gatherRouteMiddleware()
#12 /home/368495.cloudwaysapps.com/urvfepvzma/public_html/vendor/laravel/framework/src/Illuminate/Routing/Router.php(657): Illuminate\\Routing\\Router->runRouteWithinStack()
#13 /home/368495.cloudwaysapps.com/urvfepvzma/public_html/vendor/laravel/framework/src/Illuminate/Routing/Router.php(623): Illuminate\\Routing\\Router->runRoute()
#14 /home/368495.cloudwaysapps.com/urvfepvzma/public_html/vendor/laravel/framework/src/Illuminate/Routing/Router.php(612): Illuminate\\Routing\\Router->dispatchToRoute()
#15 /home/368495.cloudwaysapps.com/urvfepvzma/public_html/vendor/laravel/framework/src/Illuminate/Foundation/Http/Kernel.php(176): Illuminate\\Routing\\Router->dispatch()
#16 /home/368495.cloudwaysapps.com/urvfepvzma/public_html/vendor/laravel/framework/src/Illuminate/Routing/Pipeline.php(30): Illuminate\\Foundation\\Http\\Kernel->Illuminate\\Foundation\\Http\\{closure}()
#17 /home/368495.cloudwaysapps.com/urvfepvzma/public_html/vendor/fideloper/proxy/src/TrustProxies.php(57): Illuminate\\Routing\\Pipeline->Illuminate\\Routing\\{closure}()
#18 /home/368495.cloudwaysapps.com/urvfepvzma/public_html/vendor/laravel/framework/src/Illuminate/Pipeline/Pipeline.php(163): Fideloper\\Proxy\\TrustProxies->handle()
#19 /home/368495.cloudwaysapps.com/urvfepvzma/public_html/vendor/laravel/framework/src/Illuminate/Routing/Pipeline.php(53): Illuminate\\Pipeline\\Pipeline->Illuminate\\Pipeline\\{closure}()
#20 /home/368495.cloudwaysapps.com/urvfepvzma/public_html/vendor/laravel/framework/src/Illuminate/Foundation/Http/Middleware/TransformsRequest.php(21): Illuminate\\Routing\\Pipeline->Illuminate\\Routing\\{closure}()
#21 /home/368495.cloudwaysapps.com/urvfepvzma/public_html/vendor/laravel/framework/src/Illuminate/Pipeline/Pipeline.php(163): Illuminate\\Foundation\\Http\\Middleware\\TransformsRequest->handle()
#22 /home/368495.cloudwaysapps.com/urvfepvzma/public_html/vendor/laravel/framework/src/Illuminate/Routing/Pipeline.php(53): Illuminate\\Pipeline\\Pipeline->Illuminate\\Pipeline\\{closure}()
#23 /home/368495.cloudwaysapps.com/urvfepvzma/public_html/vendor/laravel/framework/src/Illuminate/Foundation/Http/Middleware/TransformsRequest.php(21): Illuminate\\Routing\\Pipeline->Illuminate\\Routing\\{closure}()
#24 /home/368495.cloudwaysapps.com/urvfepvzma/public_html/vendor/laravel/framework/src/Illuminate/Pipeline/Pipeline.php(163): Illuminate\\Foundation\\Http\\Middleware\\TransformsRequest->handle()
#25 /home/368495.cloudwaysapps.com/urvfepvzma/public_html/vendor/laravel/framework/src/Illuminate/Routing/Pipeline.php(53): Illuminate\\Pipeline\\Pipeline->Illuminate\\Pipeline\\{closure}()
#26 /home/368495.cloudwaysapps.com/urvfepvzma/public_html/vendor/laravel/framework/src/Illuminate/Foundation/Http/Middleware/ValidatePostSize.php(27): Illuminate\\Routing\\Pipeline->Illuminate\\Routing\\{closure}()
#27 /home/368495.cloudwaysapps.com/urvfepvzma/public_html/vendor/laravel/framework/src/Illuminate/Pipeline/Pipeline.php(163): Illuminate\\Foundation\\Http\\Middleware\\ValidatePostSize->handle()
#28 /home/368495.cloudwaysapps.com/urvfepvzma/public_html/vendor/laravel/framework/src/Illuminate/Routing/Pipeline.php(53): Illuminate\\Pipeline\\Pipeline->Illuminate\\Pipeline\\{closure}()
#29 /home/368495.cloudwaysapps.com/urvfepvzma/public_html/vendor/laravel/framework/src/Illuminate/Foundation/Http/Middleware/CheckForMaintenanceMode.php(62): Illuminate\\Routing\\Pipeline->Illuminate\\Routing\\{closure}()
#30 /home/368495.cloudwaysapps.com/urvfepvzma/public_html/vendor/laravel/framework/src/Illuminate/Pipeline/Pipeline.php(163): Illuminate\\Foundation\\Http\\Middleware\\CheckForMaintenanceMode->handle()
#31 /home/368495.cloudwaysapps.com/urvfepvzma/public_html/vendor/laravel/framework/src/Illuminate/Routing/Pipeline.php(53): Illuminate\\Pipeline\\Pipeline->Illuminate\\Pipeline\\{closure}()
#32 /home/368495.cloudwaysapps.com/urvfepvzma/public_html/vendor/laravel/framework/src/Illuminate/Pipeline/Pipeline.php(104): Illuminate\\Routing\\Pipeline->Illuminate\\Routing\\{closure}()
#33 /home/368495.cloudwaysapps.com/urvfepvzma/public_html/vendor/laravel/framework/src/Illuminate/Foundation/Http/Kernel.php(151): Illuminate\\Pipeline\\Pipeline->then()
#34 /home/368495.cloudwaysapps.com/urvfepvzma/public_html/vendor/laravel/framework/src/Illuminate/Foundation/Http/Kernel.php(116): Illuminate\\Foundation\\Http\\Kernel->sendRequestThroughRouter()
#35 /home/368495.cloudwaysapps.com/urvfepvzma/public_html/index.php(55): Illuminate\\Foundation\\Http\\Kernel->handle()
#36 {main}
"} 
